using /opt/homebrew/bin/python3.12
Requirement already satisfied: pip in ./venv/lib/python3.12/site-packages (26.0)
Collecting pip
  Using cached pip-26.1.2-py3-none-any.whl.metadata (4.6 kB)
Using cached pip-26.1.2-py3-none-any.whl (1.8 MB)
Installing collected packages: pip
  Attempting uninstall: pip
    Found existing installation: pip 26.0
    Uninstalling pip-26.0:
      Successfully uninstalled pip-26.0
Successfully installed pip-26.1.2
Collecting ultralytics>=8.4 (from -r requirements.txt (line 1))
  Downloading ultralytics-8.4.102-py3-none-any.whl.metadata (42 kB)
Collecting opencv-python>=4.9 (from -r requirements.txt (line 2))
  Using cached opencv_python-5.0.0.93-cp37-abi3-macosx_13_0_arm64.whl.metadata (19 kB)
Collecting numpy (from -r requirements.txt (line 3))
  Downloading numpy-2.5.1-cp312-cp312-macosx_14_0_arm64.whl.metadata (6.6 kB)
Collecting websockets>=12 (from -r requirements.txt (line 4))
  Downloading websockets-16.1.1-cp312-cp312-macosx_11_0_arm64.whl.metadata (6.8 kB)
Collecting filelock>=3.16.1 (from ultralytics>=8.4->-r requirements.txt (line 1))
  Downloading filelock-3.31.1-py3-none-any.whl.metadata (2.0 kB)
Collecting matplotlib>=3.3.0 (from ultralytics>=8.4->-r requirements.txt (line 1))
  Downloading matplotlib-3.11.1-cp312-cp312-macosx_11_0_arm64.whl.metadata (80 kB)
Collecting pillow>=7.1.2 (from ultralytics>=8.4->-r requirements.txt (line 1))
  Using cached pillow-12.3.0-cp312-cp312-macosx_11_0_arm64.whl.metadata (9.1 kB)
Collecting pyyaml>=5.3.1 (from ultralytics>=8.4->-r requirements.txt (line 1))
  Using cached pyyaml-6.0.3-cp312-cp312-macosx_11_0_arm64.whl.metadata (2.4 kB)
Collecting requests>=2.23.0 (from ultralytics>=8.4->-r requirements.txt (line 1))
  Using cached requests-2.34.2-py3-none-any.whl.metadata (4.8 kB)
Collecting torch>=1.8.0 (from ultralytics>=8.4->-r requirements.txt (line 1))
  Downloading torch-2.13.0-cp312-cp312-macosx_14_0_arm64.whl.metadata (39 kB)
Collecting torchvision>=0.9.0 (from ultralytics>=8.4->-r requirements.txt (line 1))
  Downloading torchvision-0.28.0-cp312-cp312-macosx_14_0_arm64.whl.metadata (5.6 kB)
Collecting psutil>=5.8.0 (from ultralytics>=8.4->-r requirements.txt (line 1))
  Using cached psutil-7.2.2-cp36-abi3-macosx_11_0_arm64.whl.metadata (22 kB)
Collecting polars>=0.20.0 (from ultralytics>=8.4->-r requirements.txt (line 1))
  Downloading polars-1.42.1-py3-none-any.whl.metadata (10 kB)
Collecting nvidia-ml-py>=12.0.0 (from ultralytics>=8.4->-r requirements.txt (line 1))
  Using cached nvidia_ml_py-13.610.43-py3-none-any.whl.metadata (9.7 kB)
Collecting ultralytics-thop>=2.0.18 (from ultralytics>=8.4->-r requirements.txt (line 1))
  Using cached ultralytics_thop-2.0.20-py3-none-any.whl.metadata (14 kB)
Collecting contourpy>=1.0.1 (from matplotlib>=3.3.0->ultralytics>=8.4->-r requirements.txt (line 1))
  Downloading contourpy-1.3.3-cp312-cp312-macosx_11_0_arm64.whl.metadata (5.5 kB)
Collecting cycler>=0.10 (from matplotlib>=3.3.0->ultralytics>=8.4->-r requirements.txt (line 1))
  Using cached cycler-0.12.1-py3-none-any.whl.metadata (3.8 kB)
Collecting fonttools>=4.28.2 (from matplotlib>=3.3.0->ultralytics>=8.4->-r requirements.txt (line 1))
  Downloading fonttools-4.63.0-cp312-cp312-macosx_10_13_universal2.whl.metadata (118 kB)
Collecting kiwisolver>=1.3.1 (from matplotlib>=3.3.0->ultralytics>=8.4->-r requirements.txt (line 1))
  Downloading kiwisolver-1.5.0-cp312-cp312-macosx_11_0_arm64.whl.metadata (5.1 kB)
Collecting packaging>=20.0 (from matplotlib>=3.3.0->ultralytics>=8.4->-r requirements.txt (line 1))
  Using cached packaging-26.2-py3-none-any.whl.metadata (3.5 kB)
Collecting pyparsing>=3 (from matplotlib>=3.3.0->ultralytics>=8.4->-r requirements.txt (line 1))
  Using cached pyparsing-3.3.2-py3-none-any.whl.metadata (5.8 kB)
Collecting python-dateutil>=2.7 (from matplotlib>=3.3.0->ultralytics>=8.4->-r requirements.txt (line 1))
  Using cached python_dateutil-2.9.0.post0-py2.py3-none-any.whl.metadata (8.4 kB)
Collecting polars-runtime-32==1.42.1 (from polars>=0.20.0->ultralytics>=8.4->-r requirements.txt (line 1))
  Downloading polars_runtime_32-1.42.1-cp310-abi3-macosx_11_0_arm64.whl.metadata (1.5 kB)
Collecting six>=1.5 (from python-dateutil>=2.7->matplotlib>=3.3.0->ultralytics>=8.4->-r requirements.txt (line 1))
  Using cached six-1.17.0-py2.py3-none-any.whl.metadata (1.7 kB)
Collecting charset_normalizer<4,>=2 (from requests>=2.23.0->ultralytics>=8.4->-r requirements.txt (line 1))
  Downloading charset_normalizer-3.4.9-cp312-cp312-macosx_10_13_universal2.whl.metadata (41 kB)
Collecting idna<4,>=2.5 (from requests>=2.23.0->ultralytics>=8.4->-r requirements.txt (line 1))
  Using cached idna-3.18-py3-none-any.whl.metadata (6.1 kB)
Collecting urllib3<3,>=1.26 (from requests>=2.23.0->ultralytics>=8.4->-r requirements.txt (line 1))
  Using cached urllib3-2.7.0-py3-none-any.whl.metadata (6.9 kB)
Collecting certifi>=2023.5.7 (from requests>=2.23.0->ultralytics>=8.4->-r requirements.txt (line 1))
  Using cached certifi-2026.6.17-py3-none-any.whl.metadata (2.5 kB)
Collecting typing-extensions>=4.10.0 (from torch>=1.8.0->ultralytics>=8.4->-r requirements.txt (line 1))
  Using cached typing_extensions-4.16.0-py3-none-any.whl.metadata (3.3 kB)
Collecting setuptools>=77.0.3 (from torch>=1.8.0->ultralytics>=8.4->-r requirements.txt (line 1))
  Downloading setuptools-83.0.0-py3-none-any.whl.metadata (6.6 kB)
Collecting sympy>=1.13.3 (from torch>=1.8.0->ultralytics>=8.4->-r requirements.txt (line 1))
  Using cached sympy-1.14.0-py3-none-any.whl.metadata (12 kB)
Collecting networkx>=2.5.1 (from torch>=1.8.0->ultralytics>=8.4->-r requirements.txt (line 1))
  Downloading networkx-3.6.1-py3-none-any.whl.metadata (6.8 kB)
Collecting jinja2 (from torch>=1.8.0->ultralytics>=8.4->-r requirements.txt (line 1))
  Using cached jinja2-3.1.6-py3-none-any.whl.metadata (2.9 kB)
Collecting fsspec>=0.8.5 (from torch>=1.8.0->ultralytics>=8.4->-r requirements.txt (line 1))
  Downloading fsspec-2026.6.0-py3-none-any.whl.metadata (10 kB)
Collecting mpmath<1.4,>=1.1.0 (from sympy>=1.13.3->torch>=1.8.0->ultralytics>=8.4->-r requirements.txt (line 1))
  Using cached mpmath-1.3.0-py3-none-any.whl.metadata (8.6 kB)
Collecting MarkupSafe>=2.0 (from jinja2->torch>=1.8.0->ultralytics>=8.4->-r requirements.txt (line 1))
  Using cached markupsafe-3.0.3-cp312-cp312-macosx_11_0_arm64.whl.metadata (2.7 kB)
Downloading ultralytics-8.4.102-py3-none-any.whl (1.4 MB)
   ━━━━━━━━━━━━━━━━━━━━━━━━━━━━━━━━━━━━━━━━ 1.4/1.4 MB 39.9 MB/s  0:00:00
Using cached opencv_python-5.0.0.93-cp37-abi3-macosx_13_0_arm64.whl (48.3 MB)
Downloading numpy-2.5.1-cp312-cp312-macosx_14_0_arm64.whl (5.3 MB)
   ━━━━━━━━━━━━━━━━━━━━━━━━━━━━━━━━━━━━━━━━ 5.3/5.3 MB 75.8 MB/s  0:00:00
Downloading websockets-16.1.1-cp312-cp312-macosx_11_0_arm64.whl (177 kB)
Downloading filelock-3.31.1-py3-none-any.whl (97 kB)
Downloading matplotlib-3.11.1-cp312-cp312-macosx_11_0_arm64.whl (9.3 MB)
   ━━━━━━━━━━━━━━━━━━━━━━━━━━━━━━━━━━━━━━━━ 9.3/9.3 MB 74.7 MB/s  0:00:00
Downloading contourpy-1.3.3-cp312-cp312-macosx_11_0_arm64.whl (273 kB)
Using cached cycler-0.12.1-py3-none-any.whl (8.3 kB)
Downloading fonttools-4.63.0-cp312-cp312-macosx_10_13_universal2.whl (2.9 MB)
   ━━━━━━━━━━━━━━━━━━━━━━━━━━━━━━━━━━━━━━━━ 2.9/2.9 MB 33.2 MB/s  0:00:00
Downloading kiwisolver-1.5.0-cp312-cp312-macosx_11_0_arm64.whl (64 kB)
Using cached nvidia_ml_py-13.610.43-py3-none-any.whl (53 kB)
Using cached packaging-26.2-py3-none-any.whl (100 kB)
Using cached pillow-12.3.0-cp312-cp312-macosx_11_0_arm64.whl (4.8 MB)
Downloading polars-1.42.1-py3-none-any.whl (837 kB)
   ━━━━━━━━━━━━━━━━━━━━━━━━━━━━━━━━━━━━━━━━ 837.6/837.6 kB 34.4 MB/s  0:00:00
Downloading polars_runtime_32-1.42.1-cp310-abi3-macosx_11_0_arm64.whl (47.4 MB)
   ━━━━━━━━━━━━━━━━━━━━━━━━━━━━━━━━━━━━━━━━ 47.4/47.4 MB 77.9 MB/s  0:00:00
Using cached psutil-7.2.2-cp36-abi3-macosx_11_0_arm64.whl (129 kB)
Using cached pyparsing-3.3.2-py3-none-any.whl (122 kB)
Using cached python_dateutil-2.9.0.post0-py2.py3-none-any.whl (229 kB)
Using cached pyyaml-6.0.3-cp312-cp312-macosx_11_0_arm64.whl (173 kB)
Using cached requests-2.34.2-py3-none-any.whl (73 kB)
Downloading charset_normalizer-3.4.9-cp312-cp312-macosx_10_13_universal2.whl (319 kB)
Using cached idna-3.18-py3-none-any.whl (65 kB)
Using cached urllib3-2.7.0-py3-none-any.whl (131 kB)
Using cached certifi-2026.6.17-py3-none-any.whl (133 kB)
Using cached six-1.17.0-py2.py3-none-any.whl (11 kB)
Downloading torch-2.13.0-cp312-cp312-macosx_14_0_arm64.whl (111.2 MB)
   ━━━━━━━━━━━━━━━━━━━━━━━━━━━━━━━━━━━━━━━━ 111.2/111.2 MB 58.6 MB/s  0:00:01
Downloading fsspec-2026.6.0-py3-none-any.whl (203 kB)
Downloading networkx-3.6.1-py3-none-any.whl (2.1 MB)
   ━━━━━━━━━━━━━━━━━━━━━━━━━━━━━━━━━━━━━━━━ 2.1/2.1 MB 44.7 MB/s  0:00:00
Downloading setuptools-83.0.0-py3-none-any.whl (1.0 MB)
   ━━━━━━━━━━━━━━━━━━━━━━━━━━━━━━━━━━━━━━━━ 1.0/1.0 MB 37.3 MB/s  0:00:00
Using cached sympy-1.14.0-py3-none-any.whl (6.3 MB)
Using cached mpmath-1.3.0-py3-none-any.whl (536 kB)
Downloading torchvision-0.28.0-cp312-cp312-macosx_14_0_arm64.whl (1.9 MB)
   ━━━━━━━━━━━━━━━━━━━━━━━━━━━━━━━━━━━━━━━━ 1.9/1.9 MB 53.2 MB/s  0:00:00
Using cached typing_extensions-4.16.0-py3-none-any.whl (45 kB)
Using cached ultralytics_thop-2.0.20-py3-none-any.whl (28 kB)
Using cached jinja2-3.1.6-py3-none-any.whl (134 kB)
Using cached markupsafe-3.0.3-cp312-cp312-macosx_11_0_arm64.whl (12 kB)
Installing collected packages: nvidia-ml-py, mpmath, websockets, urllib3, typing-extensions, sympy, six, setuptools, pyyaml, pyparsing, psutil, polars-runtime-32, pillow, packaging, numpy, networkx, MarkupSafe, kiwisolver, idna, fsspec, fonttools, filelock, cycler, charset_normalizer, certifi, requests, python-dateutil, polars, opencv-python, jinja2, contourpy, torch, matplotlib, ultralytics-thop, torchvision, ultralytics

Successfully installed MarkupSafe-3.0.3 certifi-2026.6.17 charset_normalizer-3.4.9 contourpy-1.3.3 cycler-0.12.1 filelock-3.31.1 fonttools-4.63.0 fsspec-2026.6.0 idna-3.18 jinja2-3.1.6 kiwisolver-1.5.0 matplotlib-3.11.1 mpmath-1.3.0 networkx-3.6.1 numpy-2.5.1 nvidia-ml-py-13.610.43 opencv-python-5.0.0.93 packaging-26.2 pillow-12.3.0 polars-1.42.1 polars-runtime-32-1.42.1 psutil-7.2.2 pyparsing-3.3.2 python-dateutil-2.9.0.post0 pyyaml-6.0.3 requests-2.34.2 setuptools-83.0.0 six-1.17.0 sympy-1.14.0 torch-2.13.0 torchvision-0.28.0 typing-extensions-4.16.0 ultralytics-8.4.102 ultralytics-thop-2.0.20 urllib3-2.7.0 websockets-16.1.1
cv python env ready: /Users/jackmoskowitz/Ball/packages/cv/python/venv
